\BOOKMARK [-1][]{part.1}{\376\377\000\040\000L\000a\000\040\000c\000r\000i\000s\000i\000\040\000d\000e\000l\000l\000a\000\040\000f\000i\000l\000o\000s\000o\000f\000i\000a\000\040\000d\000e\000l\000\040\000s\000o\000g\000g\000e\000t\000t\000o}{}% 1
\BOOKMARK [0][]{chapter.1}{\376\377\0001\000\040\000I\000l\000\040\000p\000a\000s\000s\000a\000g\000g\000i\000o\000\040\000d\000a\000l\000l\000a\000\040\000f\000i\000l\000o\000s\000o\000f\000i\000a\000\040\000d\000e\000l\000l\000'\000e\000s\000s\000e\000r\000e\000\040\000a\000l\000l\000a\000\040\000f\000i\000l\000o\000s\000o\000f\000i\000a\000\040\000d\000e\000l\000\040\000s\000o\000g\000g\000e\000t\000t\000o}{part.1}% 2
\BOOKMARK [0][]{chapter.2}{\376\377\0002\000\040\000C\000r\000i\000t\000i\000c\000a\000\040\000a\000d\000\040\000H\000e\000g\000e\000l}{part.1}% 3
\BOOKMARK [1][-]{section.2.1}{\376\377\0002\000.\0001\000\040\000L\000'\000u\000l\000t\000i\000m\000o\000\040\000S\000c\000h\000e\000l\000l\000i\000n\000g}{chapter.2}% 4
\BOOKMARK [1][-]{section.2.2}{\376\377\0002\000.\0002\000\040\000F\000e\000u\000e\000r\000b\000a\000c\000h\000\040\000e\000\040\000l\000a\000\040\000c\000r\000i\000t\000i\000c\000a\000\040\000m\000a\000t\000e\000r\000i\000a\000l\000i\000s\000t\000i\000c\000a}{chapter.2}% 5
\BOOKMARK [1][-]{section.2.3}{\376\377\0002\000.\0003\000\040\000K\000i\000e\000r\000k\000e\000g\000a\000a\000r\000d\000\040\000e\000\040\000l\000a\000\040\000c\000r\000i\000t\000i\000c\000a\000\040\000e\000s\000i\000s\000t\000e\000n\000z\000i\000a\000l\000e\000\040\000a\000l\000l\000'\000i\000d\000e\000a\000l\000i\000s\000m\000o}{chapter.2}% 6
\BOOKMARK [1][-]{section.2.4}{\376\377\0002\000.\0004\000\040\000C\000r\000i\000t\000i\000c\000a\000\040\000p\000o\000l\000i\000t\000i\000c\000a\000\040\000a\000l\000l\000'\000i\000d\000e\000a\000l\000i\000s\000m\000o\000:\000\040\000s\000i\000n\000i\000s\000t\000r\000a\000\040\000h\000e\000g\000e\000l\000i\000a\000n\000a\000\040\000e\000\040\000M\000a\000r\000x}{chapter.2}% 7
\BOOKMARK [1][-]{section.2.5}{\376\377\0002\000.\0005\000\040\000L\000'\000a\000l\000t\000e\000r\000n\000a\000t\000i\000v\000a\000\040\000m\000e\000t\000a\000f\000i\000s\000i\000c\000a\000\040\000a\000l\000l\000'\000i\000d\000e\000a\000l\000i\000s\000m\000o\000:\000\040\000S\000c\000h\000o\000p\000e\000n\000h\000a\000u\000e\000r}{chapter.2}% 8
\BOOKMARK [0][]{chapter.3}{\376\377\0003\000\040\000N\000i\000e\000t\000z\000s\000c\000h\000e\000\040\000e\000\040\000l\000e\000\040\000c\000o\000n\000s\000e\000g\000u\000e\000n\000z\000e\000\040\000r\000a\000d\000i\000c\000a\000l\000i\000\040\000d\000e\000l\000l\000a\000\040\000d\000i\000s\000s\000o\000l\000u\000z\000i\000o\000n\000e\000\040\000d\000e\000l\000l\000'\000i\000d\000e\000a\000l\000i\000s\000m\000o}{part.1}% 9
\BOOKMARK [1][-]{section.3.1}{\376\377\0003\000.\0001\000\040\000N\000i\000c\000h\000i\000l\000i\000s\000m\000o\000\040\000e\000d\000\040\000e\000t\000e\000r\000n\000o\000\040\000r\000i\000t\000o\000r\000n\000o}{chapter.3}% 10
\BOOKMARK [1][-]{section.3.2}{\376\377\0003\000.\0002\000\040\000L\000a\000\040\000v\000o\000l\000o\000n\000t\000\340\000\040\000d\000i\000\040\000p\000o\000t\000e\000n\000z\000a}{chapter.3}% 11
\BOOKMARK [2][-]{subsection.3.2.1}{\376\377\0003\000.\0002\000.\0001\000\040\000L\000a\000\040\000c\000r\000i\000t\000i\000c\000a\000\040\000d\000e\000l\000l\000a\000\040\000c\000o\000n\000o\000s\000c\000e\000n\000z\000a}{section.3.2}% 12
\BOOKMARK [2][-]{subsection.3.2.2}{\376\377\0003\000.\0002\000.\0002\000\040\000C\000o\000n\000g\000e\000d\000o\000\040\000d\000e\000l\000l\000a\000\040\000m\000e\000t\000a\000f\000i\000s\000i\000c\000a}{section.3.2}% 13
\BOOKMARK [2][-]{subsection.3.2.3}{\376\377\0003\000.\0002\000.\0003\000\040\000L\000a\000\040\000c\000o\000n\000o\000s\000c\000e\000n\000z\000a\000\040\000c\000o\000m\000e\000\040\000p\000r\000o\000d\000u\000z\000i\000o\000n\000e\000\040\000l\000i\000n\000g\000u\000i\000s\000t\000i\000c\000a\000\040\000e\000\040\000i\000n\000t\000e\000r\000p\000r\000e\000t\000a\000z\000i\000o\000n\000e}{section.3.2}% 14
\BOOKMARK [2][-]{subsection.3.2.4}{\376\377\0003\000.\0002\000.\0004\000\040\000L\000a\000\040\000r\000i\000d\000u\000z\000i\000o\000n\000e\000\040\000d\000e\000l\000l\000a\000\040\000r\000a\000z\000i\000o\000n\000a\000l\000i\000t\000\340\000\040\000a\000\040\000v\000o\000l\000o\000n\000t\000\340}{section.3.2}% 15
\BOOKMARK [2][-]{subsection.3.2.5}{\376\377\0003\000.\0002\000.\0005\000\040\000O\000l\000t\000r\000e\000\040\000i\000l\000\040\000n\000i\000c\000h\000i\000l\000i\000s\000m\000o}{section.3.2}% 16
\BOOKMARK [2][-]{subsection.3.2.6}{\376\377\0003\000.\0002\000.\0006\000\040\000L\000a\000\040\000c\000r\000i\000t\000i\000c\000a\000\040\000d\000e\000l\000\040\000s\000o\000g\000g\000e\000t\000t\000o\000\040\000e\000\040\000l\000a\000\040\000t\000r\000a\000s\000f\000o\000r\000m\000a\000z\000i\000o\000n\000e\000\040\000d\000e\000l\000\040\000t\000r\000a\000s\000c\000e\000n\000d\000e\000n\000t\000a\000l\000e}{section.3.2}% 17
\BOOKMARK [0][]{chapter.4}{\376\377\0004\000\040\000L\000o\000\040\000s\000t\000o\000r\000i\000c\000i\000s\000m\000o\000\040\000t\000e\000d\000e\000s\000c\000o}{part.1}% 18
\BOOKMARK [1][-]{section.4.1}{\376\377\0004\000.\0001\000\040\000D\000i\000l\000t\000h\000e\000y\000\040\000e\000\040\000L\000'\000i\000n\000t\000r\000o\000d\000u\000z\000i\000o\000n\000e\000\040\000a\000l\000l\000e\000\040\000s\000c\000i\000e\000n\000z\000e\000\040\000d\000e\000l\000l\000o\000\040\000s\000p\000i\000r\000i\000t\000o\000\040\000\050\0001\0008\0008\0003\000\051}{chapter.4}% 19
\BOOKMARK [1][-]{section.4.2}{\376\377\0004\000.\0002\000\040\000D\000i\000l\000t\000h\000e\000y\000\040\000e\000\040\000g\000l\000i\000\040\000s\000v\000i\000l\000u\000p\000p\000i\000\040\000s\000u\000c\000c\000e\000s\000s\000i\000v\000i}{chapter.4}% 20
\BOOKMARK [1][-]{section.4.3}{\376\377\0004\000.\0003\000\040\000W\000e\000b\000e\000r\000\040\000e\000\040\000l\000a\000\040\000c\000r\000i\000s\000i\000\040\000d\000e\000l\000l\000a\000\040\000t\000o\000t\000a\000l\000i\000t\000\340}{chapter.4}% 21
\BOOKMARK [1][-]{section.4.4}{\376\377\0004\000.\0004\000\040\000W\000e\000b\000e\000r\000\040\000e\000\040\000l\000a\000\040\000r\000a\000z\000i\000o\000n\000a\000l\000i\000t\000\340\000\040\000f\000o\000r\000m\000a\000l\000e}{chapter.4}% 22
\BOOKMARK [1][-]{section.4.5}{\376\377\0004\000.\0005\000\040\000W\000e\000b\000e\000r\000\040\000e\000\040\000i\000l\000\040\000p\000r\000o\000c\000e\000s\000s\000o\000\040\000d\000i\000\040\000r\000a\000z\000i\000o\000n\000a\000l\000i\000z\000z\000a\000z\000i\000o\000n\000e}{chapter.4}% 23
\BOOKMARK [-1][]{part.2}{\376\377\000\040\000I\000l\000\040\000m\000u\000t\000a\000m\000e\000n\000t\000o\000\040\000d\000i\000\040\000p\000a\000r\000a\000d\000i\000g\000m\000a\000\040\000d\000e\000l\000l\000a\000\040\000f\000i\000l\000o\000s\000o\000f\000i\000a\000\040\000c\000o\000n\000t\000e\000m\000p\000o\000r\000a\000n\000e\000a\000:\000\040\000d\000a\000l\000\040\000s\000o\000g\000g\000e\000t\000t\000o\000\040\000a\000l\000\040\000l\000i\000n\000g\000u\000a\000g\000g\000i\000o}{}% 24
\BOOKMARK [0][]{chapter.5}{\376\377\0005\000\040\000I\000l\000\040\000p\000e\000n\000s\000i\000e\000r\000o\000\040\000f\000e\000n\000o\000m\000e\000n\000o\000l\000o\000g\000i\000c\000o\000-\000e\000r\000m\000e\000n\000e\000u\000t\000i\000c\000o}{part.2}% 25
\BOOKMARK [1][-]{section.5.1}{\376\377\0005\000.\0001\000\040\000G\000l\000i\000\040\000i\000n\000i\000z\000i\000\040\000d\000e\000l\000l\000'\000e\000r\000m\000e\000n\000e\000u\000t\000i\000c\000a}{chapter.5}% 26
\BOOKMARK [1][-]{section.5.2}{\376\377\0005\000.\0002\000\040\000L\000a\000\040\000f\000e\000n\000o\000m\000e\000n\000o\000l\000o\000g\000i\000a\000\040\000h\000u\000s\000s\000e\000r\000l\000i\000a\000n\000a}{chapter.5}% 27
\BOOKMARK [2][-]{subsection.5.2.1}{\376\377\0005\000.\0002\000.\0001\000\040\000D\000a\000g\000l\000i\000\040\000o\000g\000g\000e\000t\000t\000i\000\040\000a\000i\000\040\000f\000e\000n\000o\000m\000e\000n\000i}{section.5.2}% 28
\BOOKMARK [2][-]{subsection.5.2.2}{\376\377\0005\000.\0002\000.\0002\000\040\000L\000a\000\040\000f\000e\000n\000o\000m\000e\000n\000o\000l\000o\000g\000i\000a\000\040\000c\000o\000m\000e\000\040\000s\000c\000i\000e\000n\000z\000a\000\040\000e\000i\000d\000e\000t\000i\000c\000a}{section.5.2}% 29
\BOOKMARK [2][-]{subsection.5.2.3}{\376\377\0005\000.\0002\000.\0003\000\040\000I\000l\000\040\000s\000o\000g\000g\000e\000t\000t\000o\000\040\000t\000r\000a\000s\000c\000e\000n\000d\000e\000n\000t\000a\000l\000e}{section.5.2}% 30
\BOOKMARK [2][-]{subsection.5.2.4}{\376\377\0005\000.\0002\000.\0004\000\040\000L\000'\000i\000n\000t\000e\000r\000s\000o\000g\000g\000e\000t\000t\000i\000v\000i\000t\000\340}{section.5.2}% 31
\BOOKMARK [2][-]{subsection.5.2.5}{\376\377\0005\000.\0002\000.\0005\000\040\000L\000a\000\040\000c\000r\000i\000s\000i\000\040\000d\000e\000l\000l\000e\000\040\000s\000c\000i\000e\000n\000z\000e\000\040\000e\000u\000r\000o\000p\000e\000e\000\040\000\050\0001\0009\0003\0005\000-\0003\0007\000\051}{section.5.2}% 32
\BOOKMARK [1][-]{section.5.3}{\376\377\0005\000.\0003\000\040\000H\000e\000i\000d\000e\000g\000g\000e\000r\000:\000\040\000E\000s\000s\000e\000r\000e\000\040\000e\000\040\000t\000e\000m\000p\000o\000\040\000\050\0001\0009\0002\0007\000\051}{chapter.5}% 33
\BOOKMARK [2][-]{subsection.5.3.1}{\376\377\0005\000.\0003\000.\0001\000\040\000D\000a\000s\000e\000i\000n\000\040\000c\000o\000m\000e\000\040\000t\000r\000a\000s\000c\000e\000n\000d\000e\000n\000t\000a\000l\000e}{section.5.3}% 34
\BOOKMARK [2][-]{subsection.5.3.2}{\376\377\0005\000.\0003\000.\0002\000\040\000L\000a\000\040\000c\000r\000i\000t\000i\000c\000a\000\040\000a\000d\000\040\000H\000u\000s\000s\000e\000r\000l\000\040\000e\000\040\000a\000l\000l\000'\000o\000n\000t\000o\000l\000o\000g\000i\000a\000\040\000t\000r\000a\000d\000i\000z\000i\000o\000n\000a\000l\000e}{section.5.3}% 35
\BOOKMARK [2][-]{subsection.5.3.3}{\376\377\0005\000.\0003\000.\0003\000\040\000T\000r\000a\000s\000f\000o\000r\000m\000a\000z\000i\000o\000n\000e\000\040\000d\000e\000l\000\040\000t\000r\000a\000s\000c\000e\000n\000d\000e\000n\000t\000a\000l\000e\000\040\000e\000\040\000D\000a\000s\000e\000i\000n\000\040\000c\000o\000m\000e\000\040\000"\000c\000u\000r\000a\000"}{section.5.3}% 36
\BOOKMARK [2][-]{subsection.5.3.4}{\376\377\0005\000.\0003\000.\0004\000\040\000L\000a\000\040\000t\000e\000m\000a\000t\000i\000z\000z\000a\000z\000i\000o\000n\000e\000\040\000d\000e\000l\000l\000'\000i\000n\000t\000e\000r\000s\000o\000g\000g\000e\000t\000t\000i\000v\000i\000t\000\340}{section.5.3}% 37
\BOOKMARK [2][-]{subsection.5.3.5}{\376\377\0005\000.\0003\000.\0005\000\040\000V\000e\000r\000s\000o\000\040\000l\000'\000e\000r\000m\000e\000n\000e\000u\000t\000i\000c\000a\000\040\000e\000\040\000l\000'\000i\000n\000c\000o\000n\000t\000r\000o\000\040\000c\000o\000n\000\040\000i\000l\000\040\000l\000i\000n\000g\000u\000a\000g\000g\000i\000o}{section.5.3}% 38
\BOOKMARK [2][-]{subsection.5.3.6}{\376\377\0005\000.\0003\000.\0006\000\040\000L\000a\000\040\000c\000r\000i\000t\000i\000c\000a\000\040\000h\000e\000i\000d\000e\000g\000g\000e\000r\000i\000a\000n\000a\000\040\000d\000e\000l\000l\000a\000\040\000s\000o\000c\000i\000e\000t\000\340}{section.5.3}% 39
\BOOKMARK [1][-]{section.5.4}{\376\377\0005\000.\0004\000\040\000I\000l\000\040\000s\000e\000c\000o\000n\000d\000o\000\040\000H\000e\000i\000d\000e\000g\000g\000e\000r}{chapter.5}% 40
\BOOKMARK [2][-]{subsection.5.4.1}{\376\377\0005\000.\0004\000.\0001\000\040\000O\000n\000t\000o\000l\000o\000g\000i\000a\000\040\000e\000\040\000l\000i\000n\000g\000u\000a\000g\000g\000i\000o}{section.5.4}% 41
\BOOKMARK [2][-]{subsection.5.4.2}{\376\377\0005\000.\0004\000.\0002\000\040\000M\000e\000t\000a\000f\000i\000s\000i\000c\000a\000,\000\040\000n\000i\000c\000h\000i\000l\000i\000s\000m\000o\000,\000\040\000t\000e\000c\000n\000i\000c\000a}{section.5.4}% 42
\BOOKMARK [2][-]{subsection.5.4.3}{\376\377\0005\000.\0004\000.\0003\000\040\000L\000'\000e\000s\000s\000e\000r\000e\000\040\000c\000o\000m\000e\000\040\000e\000v\000e\000n\000t\000o}{section.5.4}% 43
\BOOKMARK [1][-]{section.5.5}{\376\377\0005\000.\0005\000\040\000S\000a\000r\000t\000r\000e\000:\000\040\000L\000'\000e\000s\000s\000e\000r\000e\000\040\000e\000\040\000i\000l\000\040\000n\000u\000l\000l\000a\000\040\000\050\0001\0009\0004\0003\000\051}{chapter.5}% 44
\BOOKMARK [2][-]{subsection.5.5.1}{\376\377\0005\000.\0005\000.\0001\000\040\000L\000'\000e\000s\000s\000e\000r\000e}{section.5.5}% 45
\BOOKMARK [2][-]{subsection.5.5.2}{\376\377\0005\000.\0005\000.\0002\000\040\000L\000a\000\040\000c\000o\000s\000c\000i\000e\000n\000z\000a\000\040\000e\000\040\000i\000l\000\040\000n\000u\000l\000l\000a}{section.5.5}% 46
\BOOKMARK [2][-]{subsection.5.5.3}{\376\377\0005\000.\0005\000.\0003\000\040\000L\000a\000\040\000c\000o\000s\000c\000i\000e\000n\000z\000a\000\040\000e\000\040\000l\000a\000\040\000l\000i\000b\000e\000r\000t\000\340}{section.5.5}% 47
\BOOKMARK [2][-]{subsection.5.5.4}{\376\377\0005\000.\0005\000.\0004\000\040\000L\000'\000i\000n\000t\000e\000r\000s\000o\000g\000g\000e\000t\000t\000i\000v\000i\000t\000\340\000\040\000e\000\040\000i\000l\000\040\000c\000o\000n\000f\000l\000i\000t\000t\000o}{section.5.5}% 48
\BOOKMARK [1][-]{section.5.6}{\376\377\0005\000.\0006\000\040\000G\000a\000d\000a\000m\000e\000r\000:\000\040\000V\000e\000r\000i\000t\000\340\000\040\000e\000\040\000m\000e\000t\000o\000d\000o\000\040\000\050\0001\0009\0006\0000\000\051}{chapter.5}% 49
\BOOKMARK [2][-]{subsection.5.6.1}{\376\377\0005\000.\0006\000.\0001\000\040\000P\000r\000e\000c\000o\000m\000p\000r\000e\000n\000s\000i\000o\000n\000e\000\040\000e\000\040\000p\000r\000e\000g\000i\000u\000d\000i\000z\000i\000o}{section.5.6}% 50
\BOOKMARK [2][-]{subsection.5.6.2}{\376\377\0005\000.\0006\000.\0002\000\040\000L\000a\000\040\000t\000r\000a\000d\000i\000z\000i\000o\000n\000e\000\040\000c\000o\000m\000e\000\040\000s\000o\000g\000g\000e\000t\000t\000o\000\040\000d\000e\000l\000l\000'\000i\000n\000t\000e\000r\000p\000r\000e\000t\000a\000r\000e}{section.5.6}% 51
\BOOKMARK [2][-]{subsection.5.6.3}{\376\377\0005\000.\0006\000.\0003\000\040\000L\000a\000\040\000s\000t\000r\000u\000t\000t\000u\000r\000a\000\040\000d\000i\000a\000l\000o\000g\000i\000c\000a\000\040\000d\000e\000l\000l\000'\000e\000s\000p\000e\000r\000i\000e\000n\000z\000a\000\040\000e\000r\000m\000e\000n\000e\000u\000t\000i\000c\000a}{section.5.6}% 52
\BOOKMARK [2][-]{subsection.5.6.4}{\376\377\0005\000.\0006\000.\0004\000\040\000N\000a\000t\000u\000r\000a\000\040\000d\000i\000a\000l\000o\000g\000i\000c\000o\000-\000s\000p\000e\000c\000u\000l\000a\000t\000i\000v\000a\000\040\000e\000\040\000n\000a\000t\000u\000r\000a\000\040\000o\000g\000g\000e\000t\000t\000i\000v\000a\000\040\000d\000e\000l\000\040\000l\000i\000n\000g\000u\000a\000g\000g\000i\000o}{section.5.6}% 53
\BOOKMARK [1][-]{section.5.7}{\376\377\0005\000.\0007\000\040\000L\000a\000\040\000r\000a\000d\000i\000c\000a\000l\000i\000z\000z\000a\000z\000i\000o\000n\000e\000\040\000d\000e\000l\000l\000'\000e\000r\000m\000e\000n\000e\000u\000t\000i\000c\000a\000:\000\040\000D\000e\000r\000i\000d\000d\000a}{chapter.5}% 54
\BOOKMARK [2][-]{subsection.5.7.1}{\376\377\0005\000.\0007\000.\0001\000\040\000L\000a\000\040\000c\000r\000i\000t\000i\000c\000a\000\040\000d\000e\000l\000l\000a\000\040\000p\000r\000e\000s\000e\000n\000z\000a}{section.5.7}% 55
\BOOKMARK [2][-]{subsection.5.7.2}{\376\377\0005\000.\0007\000.\0002\000\040\000L\000a\000\040\000s\000c\000r\000i\000t\000t\000u\000r\000a\000\040\000c\000o\000m\000e\000\040\000o\000r\000i\000g\000i\000n\000a\000r\000i\000o}{section.5.7}% 56
\BOOKMARK [2][-]{subsection.5.7.3}{\376\377\0005\000.\0007\000.\0003\000\040\000L\000a\000\040\000d\000i\000f\000f\000e\000r\000e\000n\000z\000a}{section.5.7}% 57
\BOOKMARK [2][-]{subsection.5.7.4}{\376\377\0005\000.\0007\000.\0004\000\040\000L\000a\000\040\000c\000r\000i\000t\000i\000c\000a\000\040\000d\000e\000l\000l\000a\000\040\000m\000e\000t\000a\000f\000i\000s\000i\000c\000a}{section.5.7}% 58
\BOOKMARK [2][-]{subsection.5.7.5}{\376\377\0005\000.\0007\000.\0005\000\040\000L\000a\000\040\000d\000e\000c\000o\000s\000t\000r\000u\000z\000i\000o\000n\000e}{section.5.7}% 59
\BOOKMARK [0][]{chapter.6}{\376\377\0006\000\040\000I\000l\000\040\000p\000e\000n\000s\000i\000e\000r\000o\000\040\000n\000e\000o\000p\000o\000s\000i\000t\000i\000v\000i\000s\000t\000i\000c\000o\000-\000a\000n\000a\000l\000i\000t\000i\000c\000o}{part.2}% 60
\BOOKMARK [1][-]{section.6.1}{\376\377\0006\000.\0001\000\040\000W\000i\000t\000t\000g\000e\000n\000s\000t\000e\000i\000n\000:\000\040\000T\000r\000a\000c\000t\000a\000t\000u\000s\000\040\000l\000o\000g\000i\000c\000o\000-\000p\000h\000i\000l\000o\000s\000o\000p\000h\000i\000c\000u\000s\000\040\000\050\0001\0009\0002\0001\000\051}{chapter.6}% 61
\BOOKMARK [2][-]{subsection.6.1.1}{\376\377\0006\000.\0001\000.\0001\000\040\000"\000I\000l\000\040\000m\000o\000n\000d\000o\000\040\000\350\000\040\000t\000u\000t\000t\000o\000\040\000c\000i\000\362\000\040\000c\000h\000e\000\040\000a\000c\000c\000a\000d\000e\000"}{section.6.1}% 62
\BOOKMARK [2][-]{subsection.6.1.2}{\376\377\0006\000.\0001\000.\0002\000\040\000L\000e\000\040\000p\000r\000o\000p\000o\000s\000i\000z\000i\000o\000n\000i}{section.6.1}% 63
\BOOKMARK [2][-]{subsection.6.1.3}{\376\377\0006\000.\0001\000.\0003\000\040\000I\000l\000\040\000p\000i\000a\000n\000o\000\040\000t\000r\000a\000s\000c\000e\000n\000d\000e\000n\000t\000a\000l\000e}{section.6.1}% 64
